Fri May 10 2024 19:39:46 GMT+0000 (Coordinated Universal Time): Permission granted for aphrodisiacm
Fri May 10 2024 19:40:13 GMT+0000 (Coordinated Universal Time): Ticket #T000001 from [ar]() Language: en 

ауе


Fri May 10 2024 19:40:30 GMT+0000 (Coordinated Universal Time): Permission granted for aphrodisiacm
Fri May 10 2024 19:40:30 GMT+0000 (Coordinated Universal Time): UPDATE supportees SET status='closed' WHERE (userid='000001' or id='000001')
Fri May 10 2024 19:40:30 GMT+0000 (Coordinated Universal Time): Answer: Hi ar,

окей

Regards,
Botty Group
Fri May 10 2024 19:40:38 GMT+0000 (Coordinated Universal Time): Ticket #T000002 from [ar]() Language: en 

аа


Fri May 10 2024 19:40:39 GMT+0000 (Coordinated Universal Time): Ticket #T000002 from [ar]() Language: en 

а


Fri May 10 2024 19:40:40 GMT+0000 (Coordinated Universal Time): Ticket #T000002 from [ar]() Language: en 

а


Fri May 10 2024 19:40:40 GMT+0000 (Coordinated Universal Time): Ticket #T000002 from [ar]() Language: en 

а


Fri May 10 2024 19:40:40 GMT+0000 (Coordinated Universal Time): Ticket #T000002 from [ar]() Language: en 

а


GrammyError: Call to 'sendMessage' failed! (400: Bad Request: message text is empty)
Sat May 11 2024 13:19:07 GMT+0000 (Coordinated Universal Time): === UNHANDLED REJECTION ===
Sat May 11 2024 13:22:01 GMT+0000 (Coordinated Universal Time): Билет #T000002 от [ar]() : en 

что мне делать, если бот не работает?

_Автоматический ответ был отправлен пользователю_
Sat May 11 2024 13:22:10 GMT+0000 (Coordinated Universal Time): Permission granted for aphrodisiacm
Sat May 11 2024 13:22:10 GMT+0000 (Coordinated Universal Time): Answer: Здравствуйте! ar : en,

Даже не знаю

С уважением,
команда inDetails
Sat May 11 2024 13:22:10 GMT+0000 (Coordinated Universal Time): UPDATE supportees SET status='closed' WHERE (userid='000002' or id='000002')
Sat May 11 2024 13:24:35 GMT+0000 (Coordinated Universal Time): Permission granted for aphrodisiacm
Sat May 11 2024 13:25:08 GMT+0000 (Coordinated Universal Time): Permission granted for aphrodisiacm
Sat May 11 2024 13:25:24 GMT+0000 (Coordinated Universal Time): Permission granted for aphrodisiacm
Sat May 11 2024 13:25:33 GMT+0000 (Coordinated Universal Time): Permission granted for aphrodisiacm
Sat May 11 2024 13:25:33 GMT+0000 (Coordinated Universal Time): === UNHANDLED REJECTION ===
GrammyError: Call to 'sendMessage' failed! (400: Bad Request: chat not found)
Sat May 11 2024 13:29:17 GMT+0000 (Coordinated Universal Time): Permission granted for aphrodisiacm
Sat May 11 2024 13:29:26 GMT+0000 (Coordinated Universal Time): Permission granted for aphrodisiacm
Sat May 11 2024 13:31:58 GMT+0000 (Coordinated Universal Time): Билет #T000003 от [ar]() : en 

т


Sat May 11 2024 13:32:13 GMT+0000 (Coordinated Universal Time): Permission granted for aphrodisiacm
Sat May 11 2024 13:32:13 GMT+0000 (Coordinated Universal Time): Answer: Здравствуйте! ar : en,

Что делдать

С уважением,
команда inDetails
Sat May 11 2024 13:32:39 GMT+0000 (Coordinated Universal Time): Билет #T000003 от [ar]() : en 

Что делать?

_Автоматический ответ был отправлен пользователю_
Sat May 11 2024 13:32:59 GMT+0000 (Coordinated Universal Time): Билет #T000003 от [ar]() : en 

Когда?

_Автоматический ответ был отправлен пользователю_
Sat May 11 2024 13:33:13 GMT+0000 (Coordinated Universal Time): Билет #T000003 от [ar]() : en 

Точно?


Sat May 11 2024 13:33:22 GMT+0000 (Coordinated Universal Time): Permission granted for aphrodisiacm
Sat May 11 2024 13:33:22 GMT+0000 (Coordinated Universal Time): Answer: Здравствуйте! ar : en,

close

С уважением,
команда inDetails
Sat May 11 2024 13:33:31 GMT+0000 (Coordinated Universal Time): UPDATE supportees SET status='closed' WHERE (userid='548641299' or id='548641299')
Sat May 11 2024 13:33:31 GMT+0000 (Coordinated Universal Time): Permission granted for aphrodisiacm
Sat May 11 2024 13:33:43 GMT+0000 (Coordinated Universal Time): Permission granted for aphrodisiacm
Sat May 11 2024 13:34:06 GMT+0000 (Coordinated Universal Time): Permission granted for aphrodisiacm
Sat May 11 2024 13:34:06 GMT+0000 (Coordinated Universal Time): UPDATE supportees SET status='closed' WHERE (userid='548641299' or id='548641299')
Sat May 11 2024 13:34:10 GMT+0000 (Coordinated Universal Time): Билет #T000005 от [ar]() : en 

ссс


Sat May 11 2024 13:37:24 GMT+0000 (Coordinated Universal Time): Билет #T000005 от [ar]() : en 

fff


Sat May 11 2024 13:37:29 GMT+0000 (Coordinated Universal Time): Permission granted for aphrodisiacm
Sat May 11 2024 13:37:29 GMT+0000 (Coordinated Universal Time): Answer: Здравствуйте! ar : en,

хмм

С уважением,
команда inDetails
